09:15:39 | INFO | [blue_yonder] ========================================
09:15:39 | INFO | [blue_yonder] Starting pipeline for Blue Yonder
09:15:39 | INFO | [blue_yonder] Mode: FAST
09:15:39 | INFO | [blue_yonder] ========================================
09:15:39 | INFO | [blue_yonder] ⏱️  Anti-collision delay: 1.6s
09:15:41 | INFO | [blue_yonder] Checking authentication status...
09:15:42 | INFO | [blue_yonder] ✅ Already authenticated
09:15:42 | INFO | [blue_yonder] Generated notebook name: DEV_Blue_Yonder-TEST
09:15:42 | INFO | [blue_yonder] Checking for existing notebook: DEV_Blue_Yonder-TEST
09:15:43 | INFO | [blue_yonder] No existing notebook found
09:15:43 | INFO | [blue_yonder] Checking for existing notebook: DEV_Blue_Yonder-TEST
09:15:43 | INFO | [blue_yonder] No existing notebook found
09:15:43 | INFO | [blue_yonder] Creating new notebook: DEV_Blue_Yonder-TEST
09:15:44 | INFO | [blue_yonder] ✅ Created notebook: 49ddbb4a-85f3-46a3-99c6-6b8ab52b24fb
09:15:45 | INFO | [blue_yonder] Set notebook context: 49ddbb4a-85f3-46a3-99c6-6b8ab52b24fb
09:15:45 | INFO | [blue_yonder] Consolidating all files to PDF...
09:15:45 | INFO | [blue_yonder] Fast parallel PDF consolidation starting...
09:15:45 | INFO | [blue_yonder] Found: 0 text, 0 images, 20 office, 3 PDFs
09:15:45 | INFO | [blue_yonder] Converting 20 files in parallel...
09:16:25 | INFO | [blue_yonder] Converted 11 files, merging...
09:16:25 | INFO | [blue_yonder] ✅ Created: Blue Yonder-One.pdf
09:16:25 | INFO | [blue_yonder] ✅ Consolidated PDF: Blue Yonder-One.pdf
09:16:25 | INFO | [blue_yonder] Uploading consolidated PDF...
09:16:25 | INFO | [blue_yonder] Adding source: Blue Yonder-One.pdf
09:16:27 | INFO | [blue_yonder] ✅ Added source: Blue Yonder-One.pdf
09:16:27 | INFO | [blue_yonder] Running 2 research prompts...
09:16:31 | INFO | [blue_yonder] Research prompt: ask_prompt_01.txt
09:16:31 | INFO | [blue_yonder] Running research: ask_prompt_01.txt (fast mode)
09:17:01 | INFO | [blue_yonder] ✅ Research complete, imported 9 sources
09:17:01 | INFO | [blue_yonder] ✅ Imported 9 sources
09:17:17 | INFO | [blue_yonder] Research prompt: ask_prompt_02.txt
09:17:17 | INFO | [blue_yonder] Running research: ask_prompt_02.txt (fast mode)
09:17:52 | INFO | [blue_yonder] ✅ Research complete, imported 10 sources
09:17:52 | INFO | [blue_yonder] ✅ Imported 10 sources
09:18:02 | INFO | [blue_yonder] Waiting for source imports to complete...
09:18:12 | INFO | [blue_yonder] Deduplicating sources...
09:18:12 | INFO | [blue_yonder] Deduplicating sources...
09:18:13 | INFO | [blue_yonder] ✅ Removed 0 duplicate sources
09:18:13 | INFO | [blue_yonder] ✅ Removed 0 duplicates
09:18:13 | INFO | [blue_yonder] Running 6 chat prompts...
09:18:13 | INFO | [blue_yonder] ⏱️  Chat 01 anti-collision jitter: 5.9s
09:18:19 | INFO | [blue_yonder] Chat prompt: chat_prompt_consolidated_01.txt
09:19:29 | INFO | [blue_yonder] ✅ Created note: chat_prompt_consolidated_01
09:19:32 | INFO | [blue_yonder] Chat prompt: chat_prompt_consolidated_02.txt
09:20:38 | INFO | [blue_yonder] ✅ Created note: chat_prompt_consolidated_02
09:20:43 | INFO | [blue_yonder] Chat prompt: chat_prompt_consolidated_03.txt
09:22:12 | INFO | [blue_yonder] ✅ Created note: chat_prompt_consolidated_03
09:22:17 | INFO | [blue_yonder] Chat prompt: chat_prompt_consolidated_04.txt
09:23:25 | INFO | [blue_yonder] ✅ Created note: chat_prompt_consolidated_04
09:23:29 | INFO | [blue_yonder] Chat prompt: chat_prompt_consolidated_05.txt
09:24:43 | INFO | [blue_yonder] ✅ Created note: chat_prompt_consolidated_05
09:24:47 | INFO | [blue_yonder] Chat prompt: chat_prompt_consolidated_06.txt
09:26:35 | INFO | [blue_yonder] ✅ Created note: chat_prompt_consolidated_06
09:26:37 | INFO | [blue_yonder] Generating mind map...
09:26:45 | INFO | [blue_yonder] ✅ Mind map generated
09:26:48 | INFO | [blue_yonder] Quality score breakdown: 8.0/10
09:26:48 | INFO | [blue_yonder] ✅ Pipeline completed successfully!
09:26:48 | INFO | [blue_yonder] 📊 Quality Score: 8.0/10
