17:34:33 | INFO | [example_client] ========================================
17:34:33 | INFO | [example_client] Starting pipeline for Example Corporation
17:34:33 | INFO | [example_client] Mode: FAST
17:34:33 | INFO | [example_client] ========================================
17:34:33 | INFO | [example_client] ⏱️  Anti-collision delay: 2.8s
17:34:35 | INFO | [example_client] Checking authentication status...
17:34:36 | WARNING | [example_client] ❌ Not authenticated. Login required!
17:34:36 | WARNING | [example_client] 
17:34:36 | WARNING | [example_client] Run this command in your terminal:
17:34:36 | WARNING | [example_client]   notebooklm login
17:34:36 | WARNING | [example_client] 
17:34:36 | WARNING | [example_client] Or run these commands for a fresh login:
17:34:36 | WARNING | [example_client]   notebooklm auth logout
17:34:36 | WARNING | [example_client]   notebooklm login
17:34:36 | WARNING | [example_client] 
17:34:36 | WARNING | [example_client] Pipeline will wait 60 seconds for you to authenticate...
17:34:46 | INFO | [example_client] Waiting for authentication... (10s)
17:34:56 | INFO | [example_client] Waiting for authentication... (20s)
17:35:06 | INFO | [example_client] Waiting for authentication... (30s)
17:35:16 | INFO | [example_client] Waiting for authentication... (40s)
17:35:26 | INFO | [example_client] Waiting for authentication... (50s)
17:35:36 | INFO | [example_client] Waiting for authentication... (60s)
17:35:36 | ERROR | [example_client] ❌ Authentication timeout - no valid session found
17:35:36 | ERROR | [example_client] ❌ Pipeline failed: Authentication required - please run: notebooklm login
