09:15:43 | INFO | [hershey] ========================================
09:15:43 | INFO | [hershey] Starting pipeline for The Hershey Company
09:15:43 | INFO | [hershey] Mode: FAST
09:15:43 | INFO | [hershey] ========================================
09:15:43 | INFO | [hershey] ⏱️  Anti-collision delay: 1.5s
09:15:45 | INFO | [hershey] Checking authentication status...
09:15:46 | INFO | [hershey] ✅ Already authenticated
09:15:46 | INFO | [hershey] Generated notebook name: DEV_Hershey-TEST
09:15:46 | INFO | [hershey] Checking for existing notebook: DEV_Hershey-TEST
09:15:47 | INFO | [hershey] No existing notebook found
09:15:47 | INFO | [hershey] Checking for existing notebook: DEV_Hershey-TEST
09:15:48 | INFO | [hershey] No existing notebook found
09:15:48 | INFO | [hershey] Creating new notebook: DEV_Hershey-TEST
09:15:49 | INFO | [hershey] ✅ Created notebook: 1e88b648-7f9c-45f7-80ba-2e6b55dfe221
09:15:50 | INFO | [hershey] Set notebook context: 1e88b648-7f9c-45f7-80ba-2e6b55dfe221
09:15:50 | INFO | [hershey] Consolidating all files to PDF...
09:15:50 | INFO | [hershey] Fast parallel PDF consolidation starting...
09:15:50 | INFO | [hershey] Found: 0 text, 0 images, 15 office, 3 PDFs
09:15:50 | INFO | [hershey] Converting 15 files in parallel...
09:15:56 | INFO | [hershey] Converted 10 files, merging...
09:15:56 | WARNING | Ignoring wrong pointing object 108 0 (offset 0)
09:15:56 | WARNING | Ignoring wrong pointing object 109 0 (offset 0)
09:15:56 | WARNING | Ignoring wrong pointing object 110 0 (offset 0)
09:15:56 | WARNING | Ignoring wrong pointing object 111 0 (offset 0)
09:15:56 | WARNING | Ignoring wrong pointing object 112 0 (offset 0)
09:15:56 | WARNING | Ignoring wrong pointing object 113 0 (offset 0)
09:15:56 | WARNING | Ignoring wrong pointing object 114 0 (offset 0)
09:15:56 | WARNING | Ignoring wrong pointing object 116 0 (offset 0)
09:15:56 | WARNING | Ignoring wrong pointing object 119 0 (offset 0)
09:15:56 | WARNING | Ignoring wrong pointing object 120 0 (offset 0)
09:15:56 | WARNING | Ignoring wrong pointing object 121 0 (offset 0)
09:15:56 | WARNING | Ignoring wrong pointing object 122 0 (offset 0)
09:15:56 | WARNING | Ignoring wrong pointing object 123 0 (offset 0)
09:15:56 | WARNING | Ignoring wrong pointing object 124 0 (offset 0)
09:15:56 | WARNING | Ignoring wrong pointing object 125 0 (offset 0)
09:15:56 | WARNING | Ignoring wrong pointing object 126 0 (offset 0)
09:15:56 | WARNING | Ignoring wrong pointing object 127 0 (offset 0)
09:15:56 | WARNING | Ignoring wrong pointing object 128 0 (offset 0)
09:15:56 | WARNING | Ignoring wrong pointing object 129 0 (offset 0)
09:15:56 | WARNING | Ignoring wrong pointing object 130 0 (offset 0)
09:15:56 | WARNING | Ignoring wrong pointing object 131 0 (offset 0)
09:15:56 | WARNING | Ignoring wrong pointing object 132 0 (offset 0)
09:15:56 | WARNING | Ignoring wrong pointing object 133 0 (offset 0)
09:15:56 | WARNING | Ignoring wrong pointing object 134 0 (offset 0)
09:15:56 | WARNING | Ignoring wrong pointing object 135 0 (offset 0)
09:15:56 | WARNING | Ignoring wrong pointing object 136 0 (offset 0)
09:15:56 | WARNING | Ignoring wrong pointing object 137 0 (offset 0)
09:15:56 | WARNING | Ignoring wrong pointing object 138 0 (offset 0)
09:15:56 | WARNING | Ignoring wrong pointing object 139 0 (offset 0)
09:15:56 | WARNING | Ignoring wrong pointing object 140 0 (offset 0)
09:15:56 | WARNING | Ignoring wrong pointing object 141 0 (offset 0)
09:15:56 | WARNING | Ignoring wrong pointing object 142 0 (offset 0)
09:15:56 | WARNING | Ignoring wrong pointing object 143 0 (offset 0)
09:15:56 | WARNING | Ignoring wrong pointing object 144 0 (offset 0)
09:15:56 | WARNING | Ignoring wrong pointing object 145 0 (offset 0)
09:15:56 | WARNING | Ignoring wrong pointing object 146 0 (offset 0)
09:15:56 | WARNING | Ignoring wrong pointing object 147 0 (offset 0)
09:15:56 | WARNING | Ignoring wrong pointing object 148 0 (offset 0)
09:15:56 | WARNING | Ignoring wrong pointing object 149 0 (offset 0)
09:15:56 | WARNING | Ignoring wrong pointing object 150 0 (offset 0)
09:15:56 | WARNING | Ignoring wrong pointing object 151 0 (offset 0)
09:15:56 | WARNING | Ignoring wrong pointing object 152 0 (offset 0)
09:15:56 | WARNING | Ignoring wrong pointing object 153 0 (offset 0)
09:15:56 | WARNING | Ignoring wrong pointing object 154 0 (offset 0)
09:15:56 | WARNING | Ignoring wrong pointing object 155 0 (offset 0)
09:15:56 | WARNING | Ignoring wrong pointing object 156 0 (offset 0)
09:15:56 | WARNING | Ignoring wrong pointing object 157 0 (offset 0)
09:15:56 | WARNING | Ignoring wrong pointing object 158 0 (offset 0)
09:15:56 | WARNING | Ignoring wrong pointing object 159 0 (offset 0)
09:15:56 | WARNING | Ignoring wrong pointing object 160 0 (offset 0)
09:15:56 | WARNING | Ignoring wrong pointing object 161 0 (offset 0)
09:15:56 | WARNING | Ignoring wrong pointing object 162 0 (offset 0)
09:15:56 | WARNING | Ignoring wrong pointing object 163 0 (offset 0)
09:15:56 | WARNING | Ignoring wrong pointing object 164 0 (offset 0)
09:15:56 | WARNING | Ignoring wrong pointing object 165 0 (offset 0)
09:15:56 | WARNING | Ignoring wrong pointing object 166 0 (offset 0)
09:15:56 | WARNING | Ignoring wrong pointing object 167 0 (offset 0)
09:15:56 | WARNING | Ignoring wrong pointing object 168 0 (offset 0)
09:15:56 | WARNING | Ignoring wrong pointing object 169 0 (offset 0)
09:15:56 | WARNING | Ignoring wrong pointing object 170 0 (offset 0)
09:15:56 | WARNING | Ignoring wrong pointing object 171 0 (offset 0)
09:15:56 | WARNING | Ignoring wrong pointing object 172 0 (offset 0)
09:15:56 | WARNING | Ignoring wrong pointing object 173 0 (offset 0)
09:15:56 | WARNING | Ignoring wrong pointing object 174 0 (offset 0)
09:15:56 | WARNING | Ignoring wrong pointing object 175 0 (offset 0)
09:15:56 | WARNING | Ignoring wrong pointing object 176 0 (offset 0)
09:15:56 | WARNING | Ignoring wrong pointing object 177 0 (offset 0)
09:15:56 | WARNING | Ignoring wrong pointing object 178 0 (offset 0)
09:15:56 | WARNING | Ignoring wrong pointing object 179 0 (offset 0)
09:15:56 | WARNING | Ignoring wrong pointing object 180 0 (offset 0)
09:15:56 | WARNING | Ignoring wrong pointing object 181 0 (offset 0)
09:15:56 | WARNING | Ignoring wrong pointing object 182 0 (offset 0)
09:15:56 | WARNING | Ignoring wrong pointing object 183 0 (offset 0)
09:15:56 | WARNING | Ignoring wrong pointing object 184 0 (offset 0)
09:15:56 | WARNING | Ignoring wrong pointing object 185 0 (offset 0)
09:15:56 | WARNING | Ignoring wrong pointing object 186 0 (offset 0)
09:15:56 | WARNING | Ignoring wrong pointing object 187 0 (offset 0)
09:15:56 | WARNING | Ignoring wrong pointing object 188 0 (offset 0)
09:15:56 | WARNING | Ignoring wrong pointing object 189 0 (offset 0)
09:15:56 | WARNING | Ignoring wrong pointing object 190 0 (offset 0)
09:15:56 | WARNING | Ignoring wrong pointing object 191 0 (offset 0)
09:15:56 | WARNING | Ignoring wrong pointing object 192 0 (offset 0)
09:15:56 | WARNING | Ignoring wrong pointing object 193 0 (offset 0)
09:15:56 | WARNING | Ignoring wrong pointing object 194 0 (offset 0)
09:15:56 | WARNING | Ignoring wrong pointing object 195 0 (offset 0)
09:15:56 | WARNING | Ignoring wrong pointing object 196 0 (offset 0)
09:15:56 | WARNING | Ignoring wrong pointing object 197 0 (offset 0)
09:15:56 | WARNING | Ignoring wrong pointing object 198 0 (offset 0)
09:15:56 | WARNING | Ignoring wrong pointing object 199 0 (offset 0)
09:15:56 | WARNING | Ignoring wrong pointing object 200 0 (offset 0)
09:15:56 | WARNING | Ignoring wrong pointing object 201 0 (offset 0)
09:15:56 | WARNING | Ignoring wrong pointing object 202 0 (offset 0)
09:15:56 | WARNING | Ignoring wrong pointing object 203 0 (offset 0)
09:15:56 | WARNING | Ignoring wrong pointing object 204 0 (offset 0)
09:15:56 | WARNING | Ignoring wrong pointing object 205 0 (offset 0)
09:15:56 | WARNING | Ignoring wrong pointing object 206 0 (offset 0)
09:15:56 | WARNING | Ignoring wrong pointing object 207 0 (offset 0)
09:15:56 | WARNING | Ignoring wrong pointing object 208 0 (offset 0)
09:15:56 | WARNING | Ignoring wrong pointing object 209 0 (offset 0)
09:15:56 | WARNING | Ignoring wrong pointing object 210 0 (offset 0)
09:15:56 | WARNING | Ignoring wrong pointing object 211 0 (offset 0)
09:15:56 | WARNING | Ignoring wrong pointing object 212 0 (offset 0)
09:15:56 | WARNING | Ignoring wrong pointing object 213 0 (offset 0)
09:15:56 | WARNING | Ignoring wrong pointing object 214 0 (offset 0)
09:15:56 | WARNING | Ignoring wrong pointing object 215 0 (offset 0)
09:15:56 | WARNING | Ignoring wrong pointing object 216 0 (offset 0)
09:15:56 | WARNING | Ignoring wrong pointing object 217 0 (offset 0)
09:15:56 | WARNING | Ignoring wrong pointing object 218 0 (offset 0)
09:15:56 | WARNING | Ignoring wrong pointing object 219 0 (offset 0)
09:15:56 | WARNING | Ignoring wrong pointing object 220 0 (offset 0)
09:15:56 | WARNING | Ignoring wrong pointing object 221 0 (offset 0)
09:15:56 | WARNING | Ignoring wrong pointing object 222 0 (offset 0)
09:15:56 | WARNING | Ignoring wrong pointing object 223 0 (offset 0)
09:15:56 | WARNING | Ignoring wrong pointing object 224 0 (offset 0)
09:15:56 | WARNING | Ignoring wrong pointing object 225 0 (offset 0)
09:15:56 | WARNING | Ignoring wrong pointing object 226 0 (offset 0)
09:15:56 | WARNING | Ignoring wrong pointing object 227 0 (offset 0)
09:15:56 | WARNING | Ignoring wrong pointing object 228 0 (offset 0)
09:15:56 | WARNING | Ignoring wrong pointing object 229 0 (offset 0)
09:15:56 | WARNING | Ignoring wrong pointing object 230 0 (offset 0)
09:15:56 | WARNING | Ignoring wrong pointing object 231 0 (offset 0)
09:15:56 | WARNING | Ignoring wrong pointing object 232 0 (offset 0)
09:15:56 | WARNING | Ignoring wrong pointing object 233 0 (offset 0)
09:15:56 | WARNING | Ignoring wrong pointing object 234 0 (offset 0)
09:15:56 | WARNING | Ignoring wrong pointing object 235 0 (offset 0)
09:15:56 | WARNING | Ignoring wrong pointing object 236 0 (offset 0)
09:15:56 | WARNING | Ignoring wrong pointing object 237 0 (offset 0)
09:15:56 | WARNING | Ignoring wrong pointing object 238 0 (offset 0)
09:15:56 | WARNING | Ignoring wrong pointing object 239 0 (offset 0)
09:15:56 | WARNING | Ignoring wrong pointing object 240 0 (offset 0)
09:15:56 | WARNING | Ignoring wrong pointing object 241 0 (offset 0)
09:15:56 | WARNING | Ignoring wrong pointing object 242 0 (offset 0)
09:15:56 | WARNING | Ignoring wrong pointing object 243 0 (offset 0)
09:15:56 | WARNING | Ignoring wrong pointing object 244 0 (offset 0)
09:15:56 | WARNING | Ignoring wrong pointing object 245 0 (offset 0)
09:15:56 | WARNING | Ignoring wrong pointing object 246 0 (offset 0)
09:15:56 | WARNING | Ignoring wrong pointing object 247 0 (offset 0)
09:15:56 | WARNING | Ignoring wrong pointing object 248 0 (offset 0)
09:15:56 | WARNING | Ignoring wrong pointing object 249 0 (offset 0)
09:15:56 | WARNING | Ignoring wrong pointing object 250 0 (offset 0)
09:15:56 | WARNING | Ignoring wrong pointing object 251 0 (offset 0)
09:15:56 | WARNING | Ignoring wrong pointing object 252 0 (offset 0)
09:15:56 | WARNING | Ignoring wrong pointing object 253 0 (offset 0)
09:15:56 | WARNING | Ignoring wrong pointing object 254 0 (offset 0)
09:15:56 | WARNING | Ignoring wrong pointing object 255 0 (offset 0)
09:15:56 | WARNING | Ignoring wrong pointing object 256 0 (offset 0)
09:15:56 | WARNING | Ignoring wrong pointing object 257 0 (offset 0)
09:15:56 | WARNING | Ignoring wrong pointing object 258 0 (offset 0)
09:15:56 | WARNING | Ignoring wrong pointing object 259 0 (offset 0)
09:15:56 | WARNING | Ignoring wrong pointing object 260 0 (offset 0)
09:15:56 | WARNING | Ignoring wrong pointing object 261 0 (offset 0)
09:15:56 | WARNING | Ignoring wrong pointing object 262 0 (offset 0)
09:15:56 | WARNING | Ignoring wrong pointing object 263 0 (offset 0)
09:15:56 | WARNING | Ignoring wrong pointing object 264 0 (offset 0)
09:15:56 | WARNING | Ignoring wrong pointing object 265 0 (offset 0)
09:15:56 | WARNING | Ignoring wrong pointing object 266 0 (offset 0)
09:15:56 | WARNING | Ignoring wrong pointing object 267 0 (offset 0)
09:15:56 | WARNING | Ignoring wrong pointing object 268 0 (offset 0)
09:15:56 | WARNING | Ignoring wrong pointing object 269 0 (offset 0)
09:15:56 | WARNING | Ignoring wrong pointing object 270 0 (offset 0)
09:15:56 | WARNING | Ignoring wrong pointing object 271 0 (offset 0)
09:15:56 | WARNING | Ignoring wrong pointing object 272 0 (offset 0)
09:15:56 | WARNING | Ignoring wrong pointing object 273 0 (offset 0)
09:15:56 | WARNING | Ignoring wrong pointing object 274 0 (offset 0)
09:15:56 | WARNING | Ignoring wrong pointing object 275 0 (offset 0)
09:15:56 | WARNING | Ignoring wrong pointing object 276 0 (offset 0)
09:15:56 | WARNING | Ignoring wrong pointing object 277 0 (offset 0)
09:15:56 | WARNING | Ignoring wrong pointing object 278 0 (offset 0)
09:15:56 | WARNING | Ignoring wrong pointing object 279 0 (offset 0)
09:15:56 | WARNING | Ignoring wrong pointing object 280 0 (offset 0)
09:15:56 | WARNING | Ignoring wrong pointing object 281 0 (offset 0)
09:15:56 | WARNING | Ignoring wrong pointing object 282 0 (offset 0)
09:15:56 | WARNING | Ignoring wrong pointing object 283 0 (offset 0)
09:15:56 | WARNING | Ignoring wrong pointing object 284 0 (offset 0)
09:15:56 | WARNING | Ignoring wrong pointing object 285 0 (offset 0)
09:15:56 | WARNING | Ignoring wrong pointing object 286 0 (offset 0)
09:15:56 | WARNING | Ignoring wrong pointing object 287 0 (offset 0)
09:15:56 | WARNING | Ignoring wrong pointing object 288 0 (offset 0)
09:15:56 | WARNING | Ignoring wrong pointing object 289 0 (offset 0)
09:15:56 | WARNING | Ignoring wrong pointing object 290 0 (offset 0)
09:15:56 | WARNING | Ignoring wrong pointing object 291 0 (offset 0)
09:15:56 | WARNING | Ignoring wrong pointing object 292 0 (offset 0)
09:15:56 | WARNING | Ignoring wrong pointing object 293 0 (offset 0)
09:15:56 | WARNING | Ignoring wrong pointing object 294 0 (offset 0)
09:15:56 | WARNING | Ignoring wrong pointing object 295 0 (offset 0)
09:15:56 | WARNING | Ignoring wrong pointing object 296 0 (offset 0)
09:15:56 | WARNING | Ignoring wrong pointing object 297 0 (offset 0)
09:15:56 | WARNING | Ignoring wrong pointing object 298 0 (offset 0)
09:15:56 | WARNING | Ignoring wrong pointing object 299 0 (offset 0)
09:15:56 | WARNING | Ignoring wrong pointing object 300 0 (offset 0)
09:15:56 | WARNING | Ignoring wrong pointing object 301 0 (offset 0)
09:15:56 | WARNING | Ignoring wrong pointing object 302 0 (offset 0)
09:15:56 | WARNING | Ignoring wrong pointing object 303 0 (offset 0)
09:15:56 | WARNING | Ignoring wrong pointing object 304 0 (offset 0)
09:15:56 | WARNING | Ignoring wrong pointing object 305 0 (offset 0)
09:15:56 | WARNING | Ignoring wrong pointing object 306 0 (offset 0)
09:15:56 | WARNING | Ignoring wrong pointing object 307 0 (offset 0)
09:15:56 | WARNING | Ignoring wrong pointing object 308 0 (offset 0)
09:15:56 | WARNING | Ignoring wrong pointing object 309 0 (offset 0)
09:15:56 | WARNING | Ignoring wrong pointing object 310 0 (offset 0)
09:15:56 | WARNING | Ignoring wrong pointing object 311 0 (offset 0)
09:15:56 | WARNING | Ignoring wrong pointing object 312 0 (offset 0)
09:15:56 | WARNING | Ignoring wrong pointing object 313 0 (offset 0)
09:15:56 | WARNING | Ignoring wrong pointing object 314 0 (offset 0)
09:15:56 | WARNING | Ignoring wrong pointing object 315 0 (offset 0)
09:15:56 | WARNING | Ignoring wrong pointing object 316 0 (offset 0)
09:15:56 | WARNING | Ignoring wrong pointing object 317 0 (offset 0)
09:15:56 | WARNING | Ignoring wrong pointing object 318 0 (offset 0)
09:15:56 | WARNING | Ignoring wrong pointing object 319 0 (offset 0)
09:15:56 | WARNING | Ignoring wrong pointing object 320 0 (offset 0)
09:15:56 | WARNING | Ignoring wrong pointing object 321 0 (offset 0)
09:15:56 | WARNING | Ignoring wrong pointing object 322 0 (offset 0)
09:15:56 | WARNING | Ignoring wrong pointing object 323 0 (offset 0)
09:15:56 | WARNING | Ignoring wrong pointing object 324 0 (offset 0)
09:15:56 | WARNING | Ignoring wrong pointing object 325 0 (offset 0)
09:15:56 | WARNING | Ignoring wrong pointing object 326 0 (offset 0)
09:15:56 | WARNING | Ignoring wrong pointing object 327 0 (offset 0)
09:15:56 | WARNING | Ignoring wrong pointing object 328 0 (offset 0)
09:15:56 | WARNING | Ignoring wrong pointing object 329 0 (offset 0)
09:15:56 | WARNING | Ignoring wrong pointing object 330 0 (offset 0)
09:15:56 | WARNING | Ignoring wrong pointing object 331 0 (offset 0)
09:15:56 | WARNING | Ignoring wrong pointing object 332 0 (offset 0)
09:15:56 | WARNING | Ignoring wrong pointing object 333 0 (offset 0)
09:15:56 | WARNING | Ignoring wrong pointing object 334 0 (offset 0)
09:15:56 | WARNING | Ignoring wrong pointing object 335 0 (offset 0)
09:15:56 | WARNING | Ignoring wrong pointing object 336 0 (offset 0)
09:15:56 | WARNING | Ignoring wrong pointing object 337 0 (offset 0)
09:15:56 | WARNING | Ignoring wrong pointing object 338 0 (offset 0)
09:15:56 | WARNING | Ignoring wrong pointing object 339 0 (offset 0)
09:15:56 | WARNING | Ignoring wrong pointing object 340 0 (offset 0)
09:15:56 | WARNING | Ignoring wrong pointing object 341 0 (offset 0)
09:15:56 | WARNING | Ignoring wrong pointing object 342 0 (offset 0)
09:15:56 | WARNING | Ignoring wrong pointing object 343 0 (offset 0)
09:15:56 | WARNING | Ignoring wrong pointing object 344 0 (offset 0)
09:15:56 | WARNING | Ignoring wrong pointing object 345 0 (offset 0)
09:15:56 | WARNING | Ignoring wrong pointing object 346 0 (offset 0)
09:15:56 | WARNING | Ignoring wrong pointing object 347 0 (offset 0)
09:15:56 | WARNING | Ignoring wrong pointing object 348 0 (offset 0)
09:15:56 | WARNING | Ignoring wrong pointing object 349 0 (offset 0)
09:15:56 | WARNING | Ignoring wrong pointing object 350 0 (offset 0)
09:15:56 | WARNING | Ignoring wrong pointing object 351 0 (offset 0)
09:15:56 | WARNING | Ignoring wrong pointing object 352 0 (offset 0)
09:15:56 | WARNING | Ignoring wrong pointing object 353 0 (offset 0)
09:15:56 | WARNING | Ignoring wrong pointing object 354 0 (offset 0)
09:15:56 | WARNING | Ignoring wrong pointing object 355 0 (offset 0)
09:15:56 | WARNING | Ignoring wrong pointing object 356 0 (offset 0)
09:15:56 | WARNING | Ignoring wrong pointing object 357 0 (offset 0)
09:15:56 | WARNING | Ignoring wrong pointing object 358 0 (offset 0)
09:15:56 | WARNING | Ignoring wrong pointing object 359 0 (offset 0)
09:15:56 | WARNING | Ignoring wrong pointing object 360 0 (offset 0)
09:15:56 | WARNING | Ignoring wrong pointing object 361 0 (offset 0)
09:15:56 | WARNING | Ignoring wrong pointing object 362 0 (offset 0)
09:15:56 | WARNING | Ignoring wrong pointing object 363 0 (offset 0)
09:15:56 | WARNING | Ignoring wrong pointing object 364 0 (offset 0)
09:15:56 | WARNING | Ignoring wrong pointing object 365 0 (offset 0)
09:15:56 | WARNING | Ignoring wrong pointing object 366 0 (offset 0)
09:15:56 | WARNING | Ignoring wrong pointing object 367 0 (offset 0)
09:15:56 | WARNING | Ignoring wrong pointing object 368 0 (offset 0)
09:15:56 | WARNING | Ignoring wrong pointing object 369 0 (offset 0)
09:15:56 | WARNING | Ignoring wrong pointing object 370 0 (offset 0)
09:15:56 | WARNING | Ignoring wrong pointing object 371 0 (offset 0)
09:15:56 | WARNING | Ignoring wrong pointing object 372 0 (offset 0)
09:15:56 | WARNING | Ignoring wrong pointing object 373 0 (offset 0)
09:15:56 | WARNING | Ignoring wrong pointing object 374 0 (offset 0)
09:15:56 | WARNING | Ignoring wrong pointing object 375 0 (offset 0)
09:15:56 | WARNING | Ignoring wrong pointing object 376 0 (offset 0)
09:15:56 | WARNING | Ignoring wrong pointing object 377 0 (offset 0)
09:15:56 | WARNING | Ignoring wrong pointing object 378 0 (offset 0)
09:15:56 | WARNING | Ignoring wrong pointing object 379 0 (offset 0)
09:15:56 | WARNING | Ignoring wrong pointing object 380 0 (offset 0)
09:15:56 | WARNING | Ignoring wrong pointing object 381 0 (offset 0)
09:15:56 | WARNING | Ignoring wrong pointing object 382 0 (offset 0)
09:15:56 | WARNING | Ignoring wrong pointing object 383 0 (offset 0)
09:15:56 | WARNING | Ignoring wrong pointing object 384 0 (offset 0)
09:15:56 | WARNING | Ignoring wrong pointing object 385 0 (offset 0)
09:15:56 | WARNING | Ignoring wrong pointing object 386 0 (offset 0)
09:15:56 | WARNING | Ignoring wrong pointing object 387 0 (offset 0)
09:15:56 | WARNING | Ignoring wrong pointing object 388 0 (offset 0)
09:15:56 | WARNING | Ignoring wrong pointing object 389 0 (offset 0)
09:15:56 | WARNING | Ignoring wrong pointing object 390 0 (offset 0)
09:15:56 | WARNING | Ignoring wrong pointing object 391 0 (offset 0)
09:15:56 | WARNING | Ignoring wrong pointing object 392 0 (offset 0)
09:15:56 | WARNING | Ignoring wrong pointing object 393 0 (offset 0)
09:15:56 | WARNING | Ignoring wrong pointing object 394 0 (offset 0)
09:15:56 | WARNING | Ignoring wrong pointing object 395 0 (offset 0)
09:15:56 | WARNING | Ignoring wrong pointing object 396 0 (offset 0)
09:15:56 | WARNING | Ignoring wrong pointing object 397 0 (offset 0)
09:15:56 | WARNING | Ignoring wrong pointing object 398 0 (offset 0)
09:15:56 | WARNING | Ignoring wrong pointing object 399 0 (offset 0)
09:15:56 | WARNING | Ignoring wrong pointing object 400 0 (offset 0)
09:15:56 | WARNING | Ignoring wrong pointing object 401 0 (offset 0)
09:15:56 | WARNING | Ignoring wrong pointing object 402 0 (offset 0)
09:15:56 | WARNING | Ignoring wrong pointing object 403 0 (offset 0)
09:15:56 | WARNING | Ignoring wrong pointing object 404 0 (offset 0)
09:15:56 | WARNING | Ignoring wrong pointing object 405 0 (offset 0)
09:15:56 | WARNING | Ignoring wrong pointing object 406 0 (offset 0)
09:15:56 | WARNING | Ignoring wrong pointing object 407 0 (offset 0)
09:15:56 | WARNING | Ignoring wrong pointing object 408 0 (offset 0)
09:15:56 | WARNING | Ignoring wrong pointing object 409 0 (offset 0)
09:15:56 | WARNING | Ignoring wrong pointing object 410 0 (offset 0)
09:15:56 | WARNING | Ignoring wrong pointing object 411 0 (offset 0)
09:15:56 | WARNING | Ignoring wrong pointing object 412 0 (offset 0)
09:15:56 | WARNING | Ignoring wrong pointing object 413 0 (offset 0)
09:15:56 | WARNING | Ignoring wrong pointing object 414 0 (offset 0)
09:15:56 | WARNING | Ignoring wrong pointing object 415 0 (offset 0)
09:15:56 | WARNING | Ignoring wrong pointing object 416 0 (offset 0)
09:15:56 | WARNING | Ignoring wrong pointing object 417 0 (offset 0)
09:15:56 | WARNING | Ignoring wrong pointing object 418 0 (offset 0)
09:15:56 | WARNING | Ignoring wrong pointing object 419 0 (offset 0)
09:15:56 | WARNING | Ignoring wrong pointing object 420 0 (offset 0)
09:15:56 | WARNING | Ignoring wrong pointing object 421 0 (offset 0)
09:15:56 | WARNING | Ignoring wrong pointing object 422 0 (offset 0)
09:15:56 | WARNING | Ignoring wrong pointing object 423 0 (offset 0)
09:15:56 | WARNING | Ignoring wrong pointing object 424 0 (offset 0)
09:15:56 | WARNING | Ignoring wrong pointing object 425 0 (offset 0)
09:15:56 | WARNING | Ignoring wrong pointing object 426 0 (offset 0)
09:15:56 | WARNING | Ignoring wrong pointing object 427 0 (offset 0)
09:15:56 | WARNING | Ignoring wrong pointing object 428 0 (offset 0)
09:15:56 | WARNING | Ignoring wrong pointing object 429 0 (offset 0)
09:15:56 | WARNING | Ignoring wrong pointing object 430 0 (offset 0)
09:15:56 | WARNING | Ignoring wrong pointing object 431 0 (offset 0)
09:15:56 | WARNING | Ignoring wrong pointing object 432 0 (offset 0)
09:15:56 | WARNING | Ignoring wrong pointing object 433 0 (offset 0)
09:15:56 | WARNING | Ignoring wrong pointing object 434 0 (offset 0)
09:15:56 | WARNING | Ignoring wrong pointing object 435 0 (offset 0)
09:15:56 | WARNING | Ignoring wrong pointing object 436 0 (offset 0)
09:15:56 | WARNING | Ignoring wrong pointing object 437 0 (offset 0)
09:15:56 | WARNING | Ignoring wrong pointing object 438 0 (offset 0)
09:15:56 | WARNING | Ignoring wrong pointing object 439 0 (offset 0)
09:15:56 | WARNING | Ignoring wrong pointing object 440 0 (offset 0)
09:15:56 | WARNING | Ignoring wrong pointing object 441 0 (offset 0)
09:15:56 | WARNING | Ignoring wrong pointing object 442 0 (offset 0)
09:15:56 | WARNING | Ignoring wrong pointing object 443 0 (offset 0)
09:15:56 | WARNING | Ignoring wrong pointing object 444 0 (offset 0)
09:15:56 | WARNING | Ignoring wrong pointing object 445 0 (offset 0)
09:15:56 | WARNING | Ignoring wrong pointing object 446 0 (offset 0)
09:15:56 | WARNING | Ignoring wrong pointing object 447 0 (offset 0)
09:15:56 | WARNING | Ignoring wrong pointing object 448 0 (offset 0)
09:15:56 | WARNING | Ignoring wrong pointing object 449 0 (offset 0)
09:15:56 | WARNING | Ignoring wrong pointing object 450 0 (offset 0)
09:15:56 | WARNING | Ignoring wrong pointing object 451 0 (offset 0)
09:15:56 | WARNING | Ignoring wrong pointing object 452 0 (offset 0)
09:15:56 | WARNING | Ignoring wrong pointing object 453 0 (offset 0)
09:15:56 | WARNING | Ignoring wrong pointing object 454 0 (offset 0)
09:15:56 | WARNING | Ignoring wrong pointing object 455 0 (offset 0)
09:15:56 | WARNING | Ignoring wrong pointing object 456 0 (offset 0)
09:15:56 | WARNING | Ignoring wrong pointing object 457 0 (offset 0)
09:15:56 | WARNING | Ignoring wrong pointing object 458 0 (offset 0)
09:15:56 | WARNING | Ignoring wrong pointing object 459 0 (offset 0)
09:15:56 | WARNING | Ignoring wrong pointing object 460 0 (offset 0)
09:15:56 | WARNING | Ignoring wrong pointing object 461 0 (offset 0)
09:15:56 | WARNING | Ignoring wrong pointing object 462 0 (offset 0)
09:15:56 | WARNING | Ignoring wrong pointing object 463 0 (offset 0)
09:15:56 | WARNING | Ignoring wrong pointing object 464 0 (offset 0)
09:15:56 | WARNING | Ignoring wrong pointing object 465 0 (offset 0)
09:15:56 | WARNING | Ignoring wrong pointing object 466 0 (offset 0)
09:15:56 | WARNING | Ignoring wrong pointing object 467 0 (offset 0)
09:15:56 | WARNING | Ignoring wrong pointing object 468 0 (offset 0)
09:15:56 | WARNING | Ignoring wrong pointing object 469 0 (offset 0)
09:15:56 | WARNING | Ignoring wrong pointing object 470 0 (offset 0)
09:15:56 | WARNING | Ignoring wrong pointing object 471 0 (offset 0)
09:15:56 | WARNING | Ignoring wrong pointing object 472 0 (offset 0)
09:15:56 | WARNING | Ignoring wrong pointing object 473 0 (offset 0)
09:15:56 | WARNING | Ignoring wrong pointing object 474 0 (offset 0)
09:15:56 | WARNING | Ignoring wrong pointing object 475 0 (offset 0)
09:15:56 | WARNING | Ignoring wrong pointing object 476 0 (offset 0)
09:15:56 | WARNING | Ignoring wrong pointing object 477 0 (offset 0)
09:15:56 | WARNING | Ignoring wrong pointing object 478 0 (offset 0)
09:15:56 | WARNING | Ignoring wrong pointing object 479 0 (offset 0)
09:15:56 | WARNING | Ignoring wrong pointing object 480 0 (offset 0)
09:15:56 | WARNING | Ignoring wrong pointing object 481 0 (offset 0)
09:15:56 | WARNING | Ignoring wrong pointing object 482 0 (offset 0)
09:15:56 | WARNING | Ignoring wrong pointing object 483 0 (offset 0)
09:15:56 | WARNING | Ignoring wrong pointing object 484 0 (offset 0)
09:15:56 | WARNING | Ignoring wrong pointing object 485 0 (offset 0)
09:15:56 | WARNING | Ignoring wrong pointing object 486 0 (offset 0)
09:15:56 | WARNING | Ignoring wrong pointing object 487 0 (offset 0)
09:15:56 | WARNING | Ignoring wrong pointing object 488 0 (offset 0)
09:15:56 | WARNING | Ignoring wrong pointing object 489 0 (offset 0)
09:15:56 | WARNING | Ignoring wrong pointing object 490 0 (offset 0)
09:15:56 | WARNING | Ignoring wrong pointing object 491 0 (offset 0)
09:15:56 | WARNING | Ignoring wrong pointing object 492 0 (offset 0)
09:15:56 | WARNING | Ignoring wrong pointing object 493 0 (offset 0)
09:15:56 | WARNING | Ignoring wrong pointing object 494 0 (offset 0)
09:15:56 | WARNING | Ignoring wrong pointing object 495 0 (offset 0)
09:15:56 | WARNING | Ignoring wrong pointing object 496 0 (offset 0)
09:15:56 | WARNING | Ignoring wrong pointing object 497 0 (offset 0)
09:15:56 | WARNING | Ignoring wrong pointing object 498 0 (offset 0)
09:15:56 | WARNING | Ignoring wrong pointing object 499 0 (offset 0)
09:15:56 | WARNING | Ignoring wrong pointing object 500 0 (offset 0)
09:15:56 | WARNING | Ignoring wrong pointing object 501 0 (offset 0)
09:15:56 | WARNING | Ignoring wrong pointing object 502 0 (offset 0)
09:15:56 | WARNING | Ignoring wrong pointing object 503 0 (offset 0)
09:15:56 | WARNING | Ignoring wrong pointing object 504 0 (offset 0)
09:15:56 | WARNING | Ignoring wrong pointing object 505 0 (offset 0)
09:15:56 | WARNING | Ignoring wrong pointing object 506 0 (offset 0)
09:15:56 | WARNING | Ignoring wrong pointing object 507 0 (offset 0)
09:15:56 | WARNING | Ignoring wrong pointing object 508 0 (offset 0)
09:15:56 | WARNING | Ignoring wrong pointing object 509 0 (offset 0)
09:15:56 | WARNING | Ignoring wrong pointing object 510 0 (offset 0)
09:15:56 | WARNING | Ignoring wrong pointing object 511 0 (offset 0)
09:15:56 | WARNING | Ignoring wrong pointing object 512 0 (offset 0)
09:15:56 | WARNING | Ignoring wrong pointing object 513 0 (offset 0)
09:15:56 | WARNING | Ignoring wrong pointing object 514 0 (offset 0)
09:15:56 | WARNING | Ignoring wrong pointing object 515 0 (offset 0)
09:15:56 | WARNING | Ignoring wrong pointing object 516 0 (offset 0)
09:15:56 | WARNING | Ignoring wrong pointing object 517 0 (offset 0)
09:15:56 | WARNING | Ignoring wrong pointing object 518 0 (offset 0)
09:15:56 | WARNING | Ignoring wrong pointing object 519 0 (offset 0)
09:15:56 | WARNING | Ignoring wrong pointing object 520 0 (offset 0)
09:15:56 | WARNING | Ignoring wrong pointing object 521 0 (offset 0)
09:15:56 | WARNING | Ignoring wrong pointing object 522 0 (offset 0)
09:15:56 | WARNING | Ignoring wrong pointing object 523 0 (offset 0)
09:15:56 | WARNING | Ignoring wrong pointing object 524 0 (offset 0)
09:15:56 | WARNING | Ignoring wrong pointing object 525 0 (offset 0)
09:15:56 | WARNING | Ignoring wrong pointing object 526 0 (offset 0)
09:15:56 | WARNING | Ignoring wrong pointing object 527 0 (offset 0)
09:15:56 | WARNING | Ignoring wrong pointing object 528 0 (offset 0)
09:15:56 | WARNING | Ignoring wrong pointing object 529 0 (offset 0)
09:15:56 | WARNING | Ignoring wrong pointing object 530 0 (offset 0)
09:15:56 | WARNING | Ignoring wrong pointing object 531 0 (offset 0)
09:15:56 | WARNING | Ignoring wrong pointing object 532 0 (offset 0)
09:15:56 | WARNING | Ignoring wrong pointing object 533 0 (offset 0)
09:15:56 | WARNING | Ignoring wrong pointing object 534 0 (offset 0)
09:15:56 | WARNING | Ignoring wrong pointing object 535 0 (offset 0)
09:15:56 | WARNING | Ignoring wrong pointing object 536 0 (offset 0)
09:15:56 | WARNING | Ignoring wrong pointing object 537 0 (offset 0)
09:15:56 | WARNING | Ignoring wrong pointing object 538 0 (offset 0)
09:15:56 | WARNING | Ignoring wrong pointing object 539 0 (offset 0)
09:15:56 | WARNING | Ignoring wrong pointing object 540 0 (offset 0)
09:15:56 | WARNING | Ignoring wrong pointing object 541 0 (offset 0)
09:15:56 | WARNING | Ignoring wrong pointing object 542 0 (offset 0)
09:15:56 | WARNING | Ignoring wrong pointing object 543 0 (offset 0)
09:15:56 | WARNING | Ignoring wrong pointing object 544 0 (offset 0)
09:15:56 | WARNING | Ignoring wrong pointing object 545 0 (offset 0)
09:15:56 | WARNING | Ignoring wrong pointing object 546 0 (offset 0)
09:15:56 | WARNING | Ignoring wrong pointing object 547 0 (offset 0)
09:15:56 | WARNING | Ignoring wrong pointing object 548 0 (offset 0)
09:15:56 | WARNING | Ignoring wrong pointing object 549 0 (offset 0)
09:15:56 | WARNING | Ignoring wrong pointing object 550 0 (offset 0)
09:15:56 | WARNING | Ignoring wrong pointing object 551 0 (offset 0)
09:15:56 | WARNING | Ignoring wrong pointing object 552 0 (offset 0)
09:15:56 | WARNING | Ignoring wrong pointing object 553 0 (offset 0)
09:15:56 | WARNING | Ignoring wrong pointing object 554 0 (offset 0)
09:15:56 | WARNING | Ignoring wrong pointing object 555 0 (offset 0)
09:15:56 | WARNING | Ignoring wrong pointing object 556 0 (offset 0)
09:15:56 | WARNING | Ignoring wrong pointing object 557 0 (offset 0)
09:15:56 | WARNING | Ignoring wrong pointing object 558 0 (offset 0)
09:15:56 | WARNING | Ignoring wrong pointing object 559 0 (offset 0)
09:15:56 | WARNING | Ignoring wrong pointing object 560 0 (offset 0)
09:15:56 | WARNING | Ignoring wrong pointing object 561 0 (offset 0)
09:15:56 | WARNING | Ignoring wrong pointing object 562 0 (offset 0)
09:15:56 | WARNING | Ignoring wrong pointing object 563 0 (offset 0)
09:15:56 | WARNING | Ignoring wrong pointing object 564 0 (offset 0)
09:15:56 | WARNING | Ignoring wrong pointing object 565 0 (offset 0)
09:15:56 | WARNING | Ignoring wrong pointing object 566 0 (offset 0)
09:15:56 | WARNING | Ignoring wrong pointing object 567 0 (offset 0)
09:15:56 | WARNING | Ignoring wrong pointing object 568 0 (offset 0)
09:15:56 | WARNING | Ignoring wrong pointing object 569 0 (offset 0)
09:15:56 | WARNING | Ignoring wrong pointing object 570 0 (offset 0)
09:15:56 | WARNING | Ignoring wrong pointing object 571 0 (offset 0)
09:15:56 | WARNING | Ignoring wrong pointing object 572 0 (offset 0)
09:15:56 | WARNING | Ignoring wrong pointing object 573 0 (offset 0)
09:15:56 | WARNING | Ignoring wrong pointing object 574 0 (offset 0)
09:15:56 | WARNING | Ignoring wrong pointing object 575 0 (offset 0)
09:15:56 | WARNING | Ignoring wrong pointing object 576 0 (offset 0)
09:15:56 | WARNING | Ignoring wrong pointing object 577 0 (offset 0)
09:15:56 | WARNING | Ignoring wrong pointing object 578 0 (offset 0)
09:15:56 | WARNING | Ignoring wrong pointing object 579 0 (offset 0)
09:15:56 | WARNING | Ignoring wrong pointing object 580 0 (offset 0)
09:15:56 | WARNING | Ignoring wrong pointing object 581 0 (offset 0)
09:15:56 | WARNING | Ignoring wrong pointing object 582 0 (offset 0)
09:15:56 | WARNING | Ignoring wrong pointing object 583 0 (offset 0)
09:15:56 | WARNING | Ignoring wrong pointing object 584 0 (offset 0)
09:15:56 | WARNING | Ignoring wrong pointing object 585 0 (offset 0)
09:15:56 | WARNING | Ignoring wrong pointing object 586 0 (offset 0)
09:15:56 | WARNING | Ignoring wrong pointing object 587 0 (offset 0)
09:15:56 | WARNING | Ignoring wrong pointing object 588 0 (offset 0)
09:15:56 | WARNING | Ignoring wrong pointing object 589 0 (offset 0)
09:15:56 | WARNING | Ignoring wrong pointing object 590 0 (offset 0)
09:15:56 | WARNING | Ignoring wrong pointing object 591 0 (offset 0)
09:15:56 | WARNING | Ignoring wrong pointing object 592 0 (offset 0)
09:15:56 | WARNING | Ignoring wrong pointing object 593 0 (offset 0)
09:15:56 | WARNING | Ignoring wrong pointing object 594 0 (offset 0)
09:15:56 | WARNING | Ignoring wrong pointing object 595 0 (offset 0)
09:15:56 | WARNING | Ignoring wrong pointing object 596 0 (offset 0)
09:15:56 | WARNING | Ignoring wrong pointing object 597 0 (offset 0)
09:15:56 | WARNING | Ignoring wrong pointing object 598 0 (offset 0)
09:15:56 | WARNING | Ignoring wrong pointing object 599 0 (offset 0)
09:15:56 | WARNING | Ignoring wrong pointing object 600 0 (offset 0)
09:15:56 | WARNING | Ignoring wrong pointing object 601 0 (offset 0)
09:15:56 | WARNING | Ignoring wrong pointing object 602 0 (offset 0)
09:15:56 | WARNING | Ignoring wrong pointing object 603 0 (offset 0)
09:15:56 | WARNING | Ignoring wrong pointing object 604 0 (offset 0)
09:15:56 | WARNING | Ignoring wrong pointing object 605 0 (offset 0)
09:15:56 | WARNING | Ignoring wrong pointing object 606 0 (offset 0)
09:15:56 | WARNING | Ignoring wrong pointing object 607 0 (offset 0)
09:15:56 | WARNING | Ignoring wrong pointing object 608 0 (offset 0)
09:15:56 | WARNING | Ignoring wrong pointing object 609 0 (offset 0)
09:15:56 | WARNING | Ignoring wrong pointing object 610 0 (offset 0)
09:15:56 | WARNING | Ignoring wrong pointing object 611 0 (offset 0)
09:15:56 | WARNING | Ignoring wrong pointing object 612 0 (offset 0)
09:15:56 | WARNING | Ignoring wrong pointing object 613 0 (offset 0)
09:15:56 | WARNING | Ignoring wrong pointing object 614 0 (offset 0)
09:15:56 | WARNING | Ignoring wrong pointing object 615 0 (offset 0)
09:15:56 | WARNING | Ignoring wrong pointing object 616 0 (offset 0)
09:15:56 | WARNING | Ignoring wrong pointing object 617 0 (offset 0)
09:15:56 | WARNING | Ignoring wrong pointing object 618 0 (offset 0)
09:15:56 | WARNING | Ignoring wrong pointing object 619 0 (offset 0)
09:15:56 | WARNING | Ignoring wrong pointing object 620 0 (offset 0)
09:15:56 | WARNING | Ignoring wrong pointing object 621 0 (offset 0)
09:15:56 | WARNING | Ignoring wrong pointing object 622 0 (offset 0)
09:15:56 | WARNING | Ignoring wrong pointing object 623 0 (offset 0)
09:15:56 | WARNING | Ignoring wrong pointing object 624 0 (offset 0)
09:15:56 | WARNING | Ignoring wrong pointing object 625 0 (offset 0)
09:15:56 | WARNING | Ignoring wrong pointing object 626 0 (offset 0)
09:15:56 | WARNING | Ignoring wrong pointing object 627 0 (offset 0)
09:15:56 | WARNING | Ignoring wrong pointing object 628 0 (offset 0)
09:15:56 | WARNING | Ignoring wrong pointing object 629 0 (offset 0)
09:15:56 | WARNING | Ignoring wrong pointing object 630 0 (offset 0)
09:15:56 | WARNING | Ignoring wrong pointing object 631 0 (offset 0)
09:15:56 | WARNING | Ignoring wrong pointing object 633 0 (offset 0)
09:15:56 | WARNING | Ignoring wrong pointing object 634 0 (offset 0)
09:15:56 | WARNING | Ignoring wrong pointing object 635 0 (offset 0)
09:15:56 | WARNING | Ignoring wrong pointing object 636 0 (offset 0)
09:15:56 | WARNING | Ignoring wrong pointing object 637 0 (offset 0)
09:15:56 | WARNING | Ignoring wrong pointing object 638 0 (offset 0)
09:15:56 | WARNING | Ignoring wrong pointing object 639 0 (offset 0)
09:15:56 | WARNING | Ignoring wrong pointing object 640 0 (offset 0)
09:15:56 | WARNING | Ignoring wrong pointing object 641 0 (offset 0)
09:15:56 | WARNING | Ignoring wrong pointing object 642 0 (offset 0)
09:15:56 | WARNING | Ignoring wrong pointing object 643 0 (offset 0)
09:15:56 | WARNING | Ignoring wrong pointing object 644 0 (offset 0)
09:15:56 | WARNING | Ignoring wrong pointing object 645 0 (offset 0)
09:15:56 | WARNING | Ignoring wrong pointing object 646 0 (offset 0)
09:15:56 | WARNING | Ignoring wrong pointing object 647 0 (offset 0)
09:15:56 | WARNING | Ignoring wrong pointing object 648 0 (offset 0)
09:15:56 | WARNING | Ignoring wrong pointing object 649 0 (offset 0)
09:15:56 | WARNING | Ignoring wrong pointing object 650 0 (offset 0)
09:15:56 | WARNING | Ignoring wrong pointing object 651 0 (offset 0)
09:15:56 | WARNING | Ignoring wrong pointing object 652 0 (offset 0)
09:15:56 | WARNING | Ignoring wrong pointing object 653 0 (offset 0)
09:15:56 | WARNING | Ignoring wrong pointing object 654 0 (offset 0)
09:15:56 | WARNING | Ignoring wrong pointing object 655 0 (offset 0)
09:15:56 | WARNING | Ignoring wrong pointing object 656 0 (offset 0)
09:15:56 | WARNING | Ignoring wrong pointing object 657 0 (offset 0)
09:15:56 | WARNING | Ignoring wrong pointing object 658 0 (offset 0)
09:15:56 | WARNING | Ignoring wrong pointing object 659 0 (offset 0)
09:15:56 | WARNING | Ignoring wrong pointing object 660 0 (offset 0)
09:15:56 | WARNING | Ignoring wrong pointing object 661 0 (offset 0)
09:15:56 | WARNING | Ignoring wrong pointing object 662 0 (offset 0)
09:15:56 | WARNING | Ignoring wrong pointing object 663 0 (offset 0)
09:15:56 | WARNING | Ignoring wrong pointing object 664 0 (offset 0)
09:15:56 | WARNING | Ignoring wrong pointing object 665 0 (offset 0)
09:15:56 | WARNING | Ignoring wrong pointing object 666 0 (offset 0)
09:15:56 | WARNING | Ignoring wrong pointing object 667 0 (offset 0)
09:15:56 | WARNING | Ignoring wrong pointing object 668 0 (offset 0)
09:15:56 | WARNING | Ignoring wrong pointing object 669 0 (offset 0)
09:15:56 | WARNING | Ignoring wrong pointing object 670 0 (offset 0)
09:15:56 | WARNING | Ignoring wrong pointing object 671 0 (offset 0)
09:15:56 | WARNING | Ignoring wrong pointing object 672 0 (offset 0)
09:15:56 | WARNING | Ignoring wrong pointing object 673 0 (offset 0)
09:15:56 | WARNING | Ignoring wrong pointing object 674 0 (offset 0)
09:15:56 | WARNING | Ignoring wrong pointing object 675 0 (offset 0)
09:15:56 | WARNING | Ignoring wrong pointing object 676 0 (offset 0)
09:15:56 | WARNING | Ignoring wrong pointing object 677 0 (offset 0)
09:15:56 | WARNING | Ignoring wrong pointing object 678 0 (offset 0)
09:15:56 | WARNING | Ignoring wrong pointing object 679 0 (offset 0)
09:15:56 | WARNING | Ignoring wrong pointing object 680 0 (offset 0)
09:15:56 | WARNING | Ignoring wrong pointing object 681 0 (offset 0)
09:15:56 | WARNING | Ignoring wrong pointing object 682 0 (offset 0)
09:15:56 | WARNING | Ignoring wrong pointing object 683 0 (offset 0)
09:15:56 | WARNING | Ignoring wrong pointing object 684 0 (offset 0)
09:15:56 | WARNING | Ignoring wrong pointing object 685 0 (offset 0)
09:15:56 | WARNING | Ignoring wrong pointing object 686 0 (offset 0)
09:15:56 | WARNING | Ignoring wrong pointing object 687 0 (offset 0)
09:15:56 | WARNING | Ignoring wrong pointing object 688 0 (offset 0)
09:15:56 | WARNING | Ignoring wrong pointing object 689 0 (offset 0)
09:15:56 | WARNING | Ignoring wrong pointing object 690 0 (offset 0)
09:15:56 | WARNING | Ignoring wrong pointing object 691 0 (offset 0)
09:15:56 | WARNING | Ignoring wrong pointing object 692 0 (offset 0)
09:15:56 | WARNING | Ignoring wrong pointing object 693 0 (offset 0)
09:15:56 | WARNING | Ignoring wrong pointing object 694 0 (offset 0)
09:15:56 | WARNING | Ignoring wrong pointing object 695 0 (offset 0)
09:15:56 | WARNING | Ignoring wrong pointing object 696 0 (offset 0)
09:15:56 | WARNING | Ignoring wrong pointing object 697 0 (offset 0)
09:15:56 | WARNING | Ignoring wrong pointing object 698 0 (offset 0)
09:15:56 | WARNING | Ignoring wrong pointing object 699 0 (offset 0)
09:15:56 | WARNING | Ignoring wrong pointing object 700 0 (offset 0)
09:15:56 | WARNING | Ignoring wrong pointing object 701 0 (offset 0)
09:15:56 | WARNING | Ignoring wrong pointing object 702 0 (offset 0)
09:15:56 | WARNING | Ignoring wrong pointing object 703 0 (offset 0)
09:15:56 | WARNING | Ignoring wrong pointing object 704 0 (offset 0)
09:15:56 | WARNING | Ignoring wrong pointing object 705 0 (offset 0)
09:15:56 | WARNING | Ignoring wrong pointing object 706 0 (offset 0)
09:15:56 | WARNING | Ignoring wrong pointing object 707 0 (offset 0)
09:15:56 | WARNING | Ignoring wrong pointing object 708 0 (offset 0)
09:15:56 | WARNING | Ignoring wrong pointing object 709 0 (offset 0)
09:15:56 | WARNING | Ignoring wrong pointing object 710 0 (offset 0)
09:15:56 | WARNING | Ignoring wrong pointing object 711 0 (offset 0)
09:15:56 | WARNING | Ignoring wrong pointing object 712 0 (offset 0)
09:15:56 | WARNING | Ignoring wrong pointing object 713 0 (offset 0)
09:15:56 | WARNING | Ignoring wrong pointing object 714 0 (offset 0)
09:15:56 | WARNING | Ignoring wrong pointing object 715 0 (offset 0)
09:15:56 | WARNING | Ignoring wrong pointing object 716 0 (offset 0)
09:15:56 | WARNING | Ignoring wrong pointing object 717 0 (offset 0)
09:15:56 | WARNING | Ignoring wrong pointing object 718 0 (offset 0)
09:15:56 | WARNING | Ignoring wrong pointing object 719 0 (offset 0)
09:15:56 | WARNING | Ignoring wrong pointing object 720 0 (offset 0)
09:15:56 | WARNING | Ignoring wrong pointing object 721 0 (offset 0)
09:15:56 | WARNING | Ignoring wrong pointing object 722 0 (offset 0)
09:15:56 | WARNING | Ignoring wrong pointing object 723 0 (offset 0)
09:15:56 | WARNING | Ignoring wrong pointing object 724 0 (offset 0)
09:15:56 | WARNING | Ignoring wrong pointing object 725 0 (offset 0)
09:15:56 | WARNING | Ignoring wrong pointing object 726 0 (offset 0)
09:15:56 | WARNING | Ignoring wrong pointing object 727 0 (offset 0)
09:15:56 | WARNING | Ignoring wrong pointing object 728 0 (offset 0)
09:15:56 | WARNING | Ignoring wrong pointing object 729 0 (offset 0)
09:15:56 | WARNING | Ignoring wrong pointing object 730 0 (offset 0)
09:15:56 | WARNING | Ignoring wrong pointing object 731 0 (offset 0)
09:15:56 | WARNING | Ignoring wrong pointing object 732 0 (offset 0)
09:15:56 | WARNING | Ignoring wrong pointing object 733 0 (offset 0)
09:15:56 | WARNING | Ignoring wrong pointing object 734 0 (offset 0)
09:15:56 | WARNING | Ignoring wrong pointing object 735 0 (offset 0)
09:15:56 | WARNING | Ignoring wrong pointing object 736 0 (offset 0)
09:15:56 | WARNING | Ignoring wrong pointing object 737 0 (offset 0)
09:15:56 | WARNING | Ignoring wrong pointing object 738 0 (offset 0)
09:15:56 | WARNING | Ignoring wrong pointing object 739 0 (offset 0)
09:15:56 | WARNING | Ignoring wrong pointing object 740 0 (offset 0)
09:15:56 | WARNING | Ignoring wrong pointing object 741 0 (offset 0)
09:15:56 | WARNING | Ignoring wrong pointing object 742 0 (offset 0)
09:15:56 | WARNING | Ignoring wrong pointing object 743 0 (offset 0)
09:15:56 | WARNING | Ignoring wrong pointing object 744 0 (offset 0)
09:15:56 | WARNING | Ignoring wrong pointing object 745 0 (offset 0)
09:15:56 | WARNING | Ignoring wrong pointing object 746 0 (offset 0)
09:15:56 | WARNING | Ignoring wrong pointing object 747 0 (offset 0)
09:15:56 | WARNING | Ignoring wrong pointing object 748 0 (offset 0)
09:15:56 | WARNING | Ignoring wrong pointing object 749 0 (offset 0)
09:15:56 | WARNING | Ignoring wrong pointing object 750 0 (offset 0)
09:15:56 | WARNING | Ignoring wrong pointing object 751 0 (offset 0)
09:15:56 | WARNING | Ignoring wrong pointing object 752 0 (offset 0)
09:15:56 | WARNING | Ignoring wrong pointing object 753 0 (offset 0)
09:15:56 | WARNING | Ignoring wrong pointing object 754 0 (offset 0)
09:15:56 | WARNING | Ignoring wrong pointing object 755 0 (offset 0)
09:15:56 | WARNING | Ignoring wrong pointing object 756 0 (offset 0)
09:15:56 | WARNING | Ignoring wrong pointing object 757 0 (offset 0)
09:15:56 | WARNING | Ignoring wrong pointing object 758 0 (offset 0)
09:15:56 | WARNING | Ignoring wrong pointing object 759 0 (offset 0)
09:15:56 | WARNING | Ignoring wrong pointing object 760 0 (offset 0)
09:15:56 | WARNING | Ignoring wrong pointing object 761 0 (offset 0)
09:15:56 | WARNING | Ignoring wrong pointing object 762 0 (offset 0)
09:15:56 | WARNING | Ignoring wrong pointing object 763 0 (offset 0)
09:15:56 | WARNING | Ignoring wrong pointing object 764 0 (offset 0)
09:15:56 | WARNING | Ignoring wrong pointing object 765 0 (offset 0)
09:15:56 | WARNING | Ignoring wrong pointing object 766 0 (offset 0)
09:15:56 | WARNING | Ignoring wrong pointing object 767 0 (offset 0)
09:15:56 | WARNING | Ignoring wrong pointing object 768 0 (offset 0)
09:15:56 | WARNING | Ignoring wrong pointing object 769 0 (offset 0)
09:15:56 | WARNING | Ignoring wrong pointing object 770 0 (offset 0)
09:15:56 | WARNING | Ignoring wrong pointing object 771 0 (offset 0)
09:15:56 | WARNING | Ignoring wrong pointing object 772 0 (offset 0)
09:15:56 | WARNING | Ignoring wrong pointing object 773 0 (offset 0)
09:15:56 | WARNING | Ignoring wrong pointing object 774 0 (offset 0)
09:15:56 | WARNING | Ignoring wrong pointing object 775 0 (offset 0)
09:15:56 | WARNING | Ignoring wrong pointing object 776 0 (offset 0)
09:15:56 | WARNING | Ignoring wrong pointing object 777 0 (offset 0)
09:15:56 | WARNING | Ignoring wrong pointing object 778 0 (offset 0)
09:15:56 | WARNING | Ignoring wrong pointing object 779 0 (offset 0)
09:15:56 | WARNING | Ignoring wrong pointing object 780 0 (offset 0)
09:15:56 | WARNING | Ignoring wrong pointing object 781 0 (offset 0)
09:15:56 | WARNING | Ignoring wrong pointing object 782 0 (offset 0)
09:15:56 | WARNING | Ignoring wrong pointing object 783 0 (offset 0)
09:15:56 | WARNING | Ignoring wrong pointing object 784 0 (offset 0)
09:15:56 | WARNING | Ignoring wrong pointing object 785 0 (offset 0)
09:15:56 | WARNING | Ignoring wrong pointing object 786 0 (offset 0)
09:15:56 | WARNING | Ignoring wrong pointing object 787 0 (offset 0)
09:15:56 | WARNING | Ignoring wrong pointing object 788 0 (offset 0)
09:15:56 | WARNING | Ignoring wrong pointing object 789 0 (offset 0)
09:15:56 | WARNING | Ignoring wrong pointing object 790 0 (offset 0)
09:15:56 | WARNING | Ignoring wrong pointing object 791 0 (offset 0)
09:15:56 | WARNING | Ignoring wrong pointing object 792 0 (offset 0)
09:15:56 | WARNING | Ignoring wrong pointing object 793 0 (offset 0)
09:15:56 | WARNING | Ignoring wrong pointing object 794 0 (offset 0)
09:15:56 | WARNING | Ignoring wrong pointing object 795 0 (offset 0)
09:15:56 | WARNING | Ignoring wrong pointing object 796 0 (offset 0)
09:15:56 | WARNING | Ignoring wrong pointing object 797 0 (offset 0)
09:15:56 | WARNING | Ignoring wrong pointing object 798 0 (offset 0)
09:15:56 | WARNING | Ignoring wrong pointing object 799 0 (offset 0)
09:15:56 | WARNING | Ignoring wrong pointing object 800 0 (offset 0)
09:15:56 | WARNING | Ignoring wrong pointing object 801 0 (offset 0)
09:15:56 | WARNING | Ignoring wrong pointing object 802 0 (offset 0)
09:15:56 | WARNING | Ignoring wrong pointing object 803 0 (offset 0)
09:15:56 | WARNING | Ignoring wrong pointing object 804 0 (offset 0)
09:15:56 | WARNING | Ignoring wrong pointing object 805 0 (offset 0)
09:15:56 | WARNING | Ignoring wrong pointing object 806 0 (offset 0)
09:15:56 | WARNING | Ignoring wrong pointing object 807 0 (offset 0)
09:15:56 | WARNING | Ignoring wrong pointing object 808 0 (offset 0)
09:15:56 | WARNING | Ignoring wrong pointing object 809 0 (offset 0)
09:15:56 | WARNING | Ignoring wrong pointing object 810 0 (offset 0)
09:15:56 | WARNING | Ignoring wrong pointing object 811 0 (offset 0)
09:15:56 | WARNING | Ignoring wrong pointing object 812 0 (offset 0)
09:15:56 | WARNING | Ignoring wrong pointing object 813 0 (offset 0)
09:15:56 | WARNING | Ignoring wrong pointing object 814 0 (offset 0)
09:15:56 | WARNING | Ignoring wrong pointing object 815 0 (offset 0)
09:15:56 | WARNING | Ignoring wrong pointing object 816 0 (offset 0)
09:15:56 | WARNING | Ignoring wrong pointing object 817 0 (offset 0)
09:15:56 | WARNING | Ignoring wrong pointing object 818 0 (offset 0)
09:15:56 | WARNING | Ignoring wrong pointing object 819 0 (offset 0)
09:15:56 | WARNING | Ignoring wrong pointing object 820 0 (offset 0)
09:15:56 | WARNING | Ignoring wrong pointing object 821 0 (offset 0)
09:15:56 | WARNING | Ignoring wrong pointing object 822 0 (offset 0)
09:15:56 | WARNING | Ignoring wrong pointing object 823 0 (offset 0)
09:15:56 | WARNING | Ignoring wrong pointing object 824 0 (offset 0)
09:15:56 | WARNING | Ignoring wrong pointing object 825 0 (offset 0)
09:15:56 | WARNING | Ignoring wrong pointing object 826 0 (offset 0)
09:15:56 | WARNING | Ignoring wrong pointing object 827 0 (offset 0)
09:15:56 | WARNING | Ignoring wrong pointing object 828 0 (offset 0)
09:15:56 | WARNING | Ignoring wrong pointing object 829 0 (offset 0)
09:15:56 | WARNING | Ignoring wrong pointing object 830 0 (offset 0)
09:15:56 | WARNING | Ignoring wrong pointing object 831 0 (offset 0)
09:15:56 | WARNING | Ignoring wrong pointing object 832 0 (offset 0)
09:15:56 | WARNING | Ignoring wrong pointing object 833 0 (offset 0)
09:15:56 | WARNING | Ignoring wrong pointing object 834 0 (offset 0)
09:15:56 | WARNING | Ignoring wrong pointing object 835 0 (offset 0)
09:15:56 | WARNING | Ignoring wrong pointing object 836 0 (offset 0)
09:15:56 | WARNING | Ignoring wrong pointing object 837 0 (offset 0)
09:15:56 | WARNING | Ignoring wrong pointing object 838 0 (offset 0)
09:15:56 | WARNING | Ignoring wrong pointing object 839 0 (offset 0)
09:15:56 | WARNING | Ignoring wrong pointing object 840 0 (offset 0)
09:15:56 | WARNING | Ignoring wrong pointing object 841 0 (offset 0)
09:15:56 | WARNING | Ignoring wrong pointing object 842 0 (offset 0)
09:15:56 | WARNING | Ignoring wrong pointing object 843 0 (offset 0)
09:15:56 | WARNING | Ignoring wrong pointing object 844 0 (offset 0)
09:15:56 | WARNING | Ignoring wrong pointing object 845 0 (offset 0)
09:15:56 | WARNING | Ignoring wrong pointing object 846 0 (offset 0)
09:15:56 | WARNING | Ignoring wrong pointing object 847 0 (offset 0)
09:15:56 | WARNING | Ignoring wrong pointing object 848 0 (offset 0)
09:15:56 | WARNING | Ignoring wrong pointing object 849 0 (offset 0)
09:15:56 | WARNING | Ignoring wrong pointing object 850 0 (offset 0)
09:15:56 | WARNING | Ignoring wrong pointing object 851 0 (offset 0)
09:15:56 | WARNING | Ignoring wrong pointing object 852 0 (offset 0)
09:15:56 | WARNING | Ignoring wrong pointing object 853 0 (offset 0)
09:15:56 | WARNING | Ignoring wrong pointing object 854 0 (offset 0)
09:15:56 | WARNING | Ignoring wrong pointing object 855 0 (offset 0)
09:15:56 | WARNING | Ignoring wrong pointing object 856 0 (offset 0)
09:15:56 | WARNING | Ignoring wrong pointing object 857 0 (offset 0)
09:15:56 | WARNING | Ignoring wrong pointing object 858 0 (offset 0)
09:15:56 | WARNING | Ignoring wrong pointing object 859 0 (offset 0)
09:15:56 | WARNING | Ignoring wrong pointing object 860 0 (offset 0)
09:15:56 | WARNING | Ignoring wrong pointing object 861 0 (offset 0)
09:15:56 | WARNING | Ignoring wrong pointing object 862 0 (offset 0)
09:15:56 | WARNING | Ignoring wrong pointing object 863 0 (offset 0)
09:15:56 | WARNING | Ignoring wrong pointing object 864 0 (offset 0)
09:15:56 | WARNING | Ignoring wrong pointing object 865 0 (offset 0)
09:15:56 | WARNING | Ignoring wrong pointing object 866 0 (offset 0)
09:15:56 | WARNING | Ignoring wrong pointing object 867 0 (offset 0)
09:15:56 | WARNING | Ignoring wrong pointing object 868 0 (offset 0)
09:15:56 | WARNING | Ignoring wrong pointing object 869 0 (offset 0)
09:15:56 | WARNING | Ignoring wrong pointing object 870 0 (offset 0)
09:15:56 | WARNING | Ignoring wrong pointing object 871 0 (offset 0)
09:15:56 | WARNING | Ignoring wrong pointing object 872 0 (offset 0)
09:15:56 | WARNING | Ignoring wrong pointing object 873 0 (offset 0)
09:15:56 | WARNING | Ignoring wrong pointing object 874 0 (offset 0)
09:15:56 | WARNING | Ignoring wrong pointing object 875 0 (offset 0)
09:15:56 | WARNING | Ignoring wrong pointing object 876 0 (offset 0)
09:15:56 | WARNING | Ignoring wrong pointing object 877 0 (offset 0)
09:15:56 | WARNING | Ignoring wrong pointing object 878 0 (offset 0)
09:15:56 | WARNING | Ignoring wrong pointing object 879 0 (offset 0)
09:15:56 | WARNING | Ignoring wrong pointing object 880 0 (offset 0)
09:15:56 | WARNING | Ignoring wrong pointing object 881 0 (offset 0)
09:15:56 | WARNING | Ignoring wrong pointing object 882 0 (offset 0)
09:15:56 | WARNING | Ignoring wrong pointing object 883 0 (offset 0)
09:15:56 | WARNING | Ignoring wrong pointing object 884 0 (offset 0)
09:15:56 | WARNING | Ignoring wrong pointing object 885 0 (offset 0)
09:15:56 | WARNING | Ignoring wrong pointing object 886 0 (offset 0)
09:15:56 | WARNING | Ignoring wrong pointing object 887 0 (offset 0)
09:15:56 | WARNING | Ignoring wrong pointing object 888 0 (offset 0)
09:15:56 | WARNING | Ignoring wrong pointing object 889 0 (offset 0)
09:15:56 | WARNING | Ignoring wrong pointing object 890 0 (offset 0)
09:15:56 | WARNING | Ignoring wrong pointing object 891 0 (offset 0)
09:15:56 | WARNING | Ignoring wrong pointing object 892 0 (offset 0)
09:15:56 | WARNING | Ignoring wrong pointing object 893 0 (offset 0)
09:15:56 | WARNING | Ignoring wrong pointing object 894 0 (offset 0)
09:15:56 | WARNING | Ignoring wrong pointing object 895 0 (offset 0)
09:15:56 | WARNING | Ignoring wrong pointing object 896 0 (offset 0)
09:15:56 | WARNING | Ignoring wrong pointing object 897 0 (offset 0)
09:15:56 | WARNING | Ignoring wrong pointing object 898 0 (offset 0)
09:15:56 | WARNING | Ignoring wrong pointing object 899 0 (offset 0)
09:15:56 | WARNING | Ignoring wrong pointing object 900 0 (offset 0)
09:15:56 | WARNING | Ignoring wrong pointing object 901 0 (offset 0)
09:15:56 | WARNING | Ignoring wrong pointing object 902 0 (offset 0)
09:15:56 | WARNING | Ignoring wrong pointing object 903 0 (offset 0)
09:15:56 | WARNING | Ignoring wrong pointing object 904 0 (offset 0)
09:15:56 | WARNING | Ignoring wrong pointing object 905 0 (offset 0)
09:15:56 | WARNING | Ignoring wrong pointing object 906 0 (offset 0)
09:15:56 | WARNING | Ignoring wrong pointing object 907 0 (offset 0)
09:15:56 | WARNING | Ignoring wrong pointing object 908 0 (offset 0)
09:15:56 | WARNING | Ignoring wrong pointing object 909 0 (offset 0)
09:15:56 | WARNING | Ignoring wrong pointing object 910 0 (offset 0)
09:15:56 | WARNING | Ignoring wrong pointing object 911 0 (offset 0)
09:15:56 | WARNING | Ignoring wrong pointing object 912 0 (offset 0)
09:15:56 | WARNING | Ignoring wrong pointing object 913 0 (offset 0)
09:15:56 | WARNING | Ignoring wrong pointing object 914 0 (offset 0)
09:15:56 | WARNING | Ignoring wrong pointing object 915 0 (offset 0)
09:15:56 | WARNING | Ignoring wrong pointing object 916 0 (offset 0)
09:15:56 | WARNING | Ignoring wrong pointing object 917 0 (offset 0)
09:15:56 | WARNING | Ignoring wrong pointing object 918 0 (offset 0)
09:15:56 | WARNING | Ignoring wrong pointing object 919 0 (offset 0)
09:15:56 | WARNING | Ignoring wrong pointing object 920 0 (offset 0)
09:15:56 | WARNING | Ignoring wrong pointing object 921 0 (offset 0)
09:15:56 | WARNING | Ignoring wrong pointing object 922 0 (offset 0)
09:15:56 | WARNING | Ignoring wrong pointing object 923 0 (offset 0)
09:15:56 | WARNING | Ignoring wrong pointing object 924 0 (offset 0)
09:15:56 | WARNING | Ignoring wrong pointing object 925 0 (offset 0)
09:15:56 | WARNING | Ignoring wrong pointing object 926 0 (offset 0)
09:15:56 | WARNING | Ignoring wrong pointing object 927 0 (offset 0)
09:15:56 | WARNING | Ignoring wrong pointing object 928 0 (offset 0)
09:15:56 | WARNING | Ignoring wrong pointing object 929 0 (offset 0)
09:15:56 | WARNING | Ignoring wrong pointing object 930 0 (offset 0)
09:15:56 | WARNING | Ignoring wrong pointing object 931 0 (offset 0)
09:15:56 | WARNING | Ignoring wrong pointing object 932 0 (offset 0)
09:15:56 | WARNING | Ignoring wrong pointing object 933 0 (offset 0)
09:15:56 | WARNING | Ignoring wrong pointing object 934 0 (offset 0)
09:15:56 | WARNING | Ignoring wrong pointing object 935 0 (offset 0)
09:15:56 | WARNING | Ignoring wrong pointing object 936 0 (offset 0)
09:15:56 | WARNING | Ignoring wrong pointing object 937 0 (offset 0)
09:15:56 | WARNING | Ignoring wrong pointing object 938 0 (offset 0)
09:15:56 | WARNING | Ignoring wrong pointing object 939 0 (offset 0)
09:15:56 | WARNING | Ignoring wrong pointing object 940 0 (offset 0)
09:15:56 | WARNING | Ignoring wrong pointing object 941 0 (offset 0)
09:15:56 | WARNING | Ignoring wrong pointing object 942 0 (offset 0)
09:15:56 | WARNING | Ignoring wrong pointing object 943 0 (offset 0)
09:15:56 | WARNING | Ignoring wrong pointing object 944 0 (offset 0)
09:15:56 | WARNING | Ignoring wrong pointing object 945 0 (offset 0)
09:15:56 | WARNING | Ignoring wrong pointing object 946 0 (offset 0)
09:15:56 | WARNING | Ignoring wrong pointing object 947 0 (offset 0)
09:15:56 | WARNING | Ignoring wrong pointing object 948 0 (offset 0)
09:15:56 | WARNING | Ignoring wrong pointing object 949 0 (offset 0)
09:15:56 | WARNING | Ignoring wrong pointing object 950 0 (offset 0)
09:15:56 | WARNING | Ignoring wrong pointing object 951 0 (offset 0)
09:15:56 | WARNING | Ignoring wrong pointing object 952 0 (offset 0)
09:15:56 | WARNING | Ignoring wrong pointing object 953 0 (offset 0)
09:15:56 | WARNING | Ignoring wrong pointing object 954 0 (offset 0)
09:15:56 | WARNING | Ignoring wrong pointing object 955 0 (offset 0)
09:15:56 | WARNING | Ignoring wrong pointing object 956 0 (offset 0)
09:15:56 | WARNING | Ignoring wrong pointing object 957 0 (offset 0)
09:15:56 | WARNING | Ignoring wrong pointing object 958 0 (offset 0)
09:15:56 | WARNING | Ignoring wrong pointing object 959 0 (offset 0)
09:15:56 | WARNING | Ignoring wrong pointing object 960 0 (offset 0)
09:15:56 | WARNING | Ignoring wrong pointing object 961 0 (offset 0)
09:15:56 | WARNING | Ignoring wrong pointing object 962 0 (offset 0)
09:15:56 | WARNING | Ignoring wrong pointing object 963 0 (offset 0)
09:15:56 | INFO | [hershey] ✅ Created: The Hershey Company-One.pdf
09:15:56 | INFO | [hershey] ✅ Consolidated PDF: The Hershey Company-One.pdf
09:15:56 | INFO | [hershey] Uploading consolidated PDF...
09:15:56 | INFO | [hershey] Adding source: The Hershey Company-One.pdf
09:15:59 | INFO | [hershey] ✅ Added source: The Hershey Company-One.pdf
09:15:59 | INFO | [hershey] Running 2 research prompts...
09:16:03 | INFO | [hershey] Research prompt: ask_prompt_01.txt
09:16:03 | INFO | [hershey] Running research: ask_prompt_01.txt (fast mode)
09:16:28 | INFO | [hershey] ✅ Research complete, imported 10 sources
09:16:28 | INFO | [hershey] ✅ Imported 10 sources
09:16:39 | INFO | [hershey] Research prompt: ask_prompt_02.txt
09:16:39 | INFO | [hershey] Running research: ask_prompt_02.txt (fast mode)
09:17:03 | INFO | [hershey] ✅ Research complete, imported 10 sources
09:17:03 | INFO | [hershey] ✅ Imported 10 sources
09:17:13 | INFO | [hershey] Waiting for source imports to complete...
09:17:23 | INFO | [hershey] Deduplicating sources...
09:17:23 | INFO | [hershey] Deduplicating sources...
09:17:23 | INFO | [hershey] ✅ Removed 0 duplicate sources
09:17:23 | INFO | [hershey] ✅ Removed 0 duplicates
09:17:23 | INFO | [hershey] Running 6 chat prompts...
09:17:23 | INFO | [hershey] ⏱️  Chat 01 anti-collision jitter: 8.2s
09:17:32 | INFO | [hershey] Chat prompt: chat_prompt_consolidated_01.txt
09:18:32 | INFO | [hershey] ✅ Created note: chat_prompt_consolidated_01
09:18:37 | INFO | [hershey] Chat prompt: chat_prompt_consolidated_02.txt
09:19:24 | INFO | [hershey] ✅ Created note: chat_prompt_consolidated_02
09:19:29 | INFO | [hershey] Chat prompt: chat_prompt_consolidated_03.txt
09:20:59 | INFO | [hershey] ✅ Created note: chat_prompt_consolidated_03
09:21:03 | INFO | [hershey] Chat prompt: chat_prompt_consolidated_04.txt
09:22:11 | INFO | [hershey] ✅ Created note: chat_prompt_consolidated_04
09:22:15 | INFO | [hershey] Chat prompt: chat_prompt_consolidated_05.txt
09:23:24 | INFO | [hershey] ✅ Created note: chat_prompt_consolidated_05
09:23:28 | INFO | [hershey] Chat prompt: chat_prompt_consolidated_06.txt
09:25:00 | INFO | [hershey] ✅ Created note: chat_prompt_consolidated_06
09:25:02 | INFO | [hershey] Generating mind map...
09:25:11 | INFO | [hershey] ✅ Mind map generated
09:25:13 | INFO | [hershey] Quality score breakdown: 8.0/10
09:25:13 | INFO | [hershey] ✅ Pipeline completed successfully!
09:25:13 | INFO | [hershey] 📊 Quality Score: 8.0/10
