09:15:46 | INFO | [lord_abbett] ========================================
09:15:46 | INFO | [lord_abbett] Starting pipeline for Lord Abbett & Co.
09:15:46 | INFO | [lord_abbett] Mode: FAST
09:15:46 | INFO | [lord_abbett] ========================================
09:15:46 | INFO | [lord_abbett] ⏱️  Anti-collision delay: 2.3s
09:15:48 | INFO | [lord_abbett] Checking authentication status...
09:15:49 | INFO | [lord_abbett] ✅ Already authenticated
09:15:49 | INFO | [lord_abbett] Generated notebook name: DEV_Lord_Abbett-TEST
09:15:49 | INFO | [lord_abbett] Checking for existing notebook: DEV_Lord_Abbett-TEST
09:15:50 | INFO | [lord_abbett] No existing notebook found
09:15:50 | INFO | [lord_abbett] Checking for existing notebook: DEV_Lord_Abbett-TEST
09:15:52 | INFO | [lord_abbett] No existing notebook found
09:15:52 | INFO | [lord_abbett] Creating new notebook: DEV_Lord_Abbett-TEST
09:15:53 | INFO | [lord_abbett] ✅ Created notebook: f6e80e7f-9b0b-424b-876c-5e6a6e32862d
09:15:53 | INFO | [lord_abbett] Set notebook context: f6e80e7f-9b0b-424b-876c-5e6a6e32862d
09:15:53 | INFO | [lord_abbett] Consolidating all files to PDF...
09:15:53 | INFO | [lord_abbett] Fast parallel PDF consolidation starting...
09:15:53 | INFO | [lord_abbett] Found: 0 text, 0 images, 0 office, 2 PDFs
09:15:53 | INFO | [lord_abbett] Converting 0 files in parallel...
09:15:53 | INFO | [lord_abbett] Converted 2 files, merging...
09:15:53 | INFO | [lord_abbett] ✅ Created: Lord Abbett & Co.-One.pdf
09:15:53 | INFO | [lord_abbett] ✅ Consolidated PDF: Lord Abbett & Co.-One.pdf
09:15:53 | INFO | [lord_abbett] Uploading consolidated PDF...
09:15:53 | INFO | [lord_abbett] Adding source: Lord Abbett & Co.-One.pdf
09:15:56 | INFO | [lord_abbett] ✅ Added source: Lord Abbett & Co.-One.pdf
09:15:56 | INFO | [lord_abbett] Running 2 research prompts...
09:15:58 | INFO | [lord_abbett] Research prompt: ask_prompt_01.txt
09:15:58 | INFO | [lord_abbett] Running research: ask_prompt_01.txt (fast mode)
09:16:31 | INFO | [lord_abbett] ✅ Research complete, imported 10 sources
09:16:31 | INFO | [lord_abbett] ✅ Imported 10 sources
09:16:45 | INFO | [lord_abbett] Research prompt: ask_prompt_02.txt
09:16:45 | INFO | [lord_abbett] Running research: ask_prompt_02.txt (fast mode)
09:17:25 | INFO | [lord_abbett] ✅ Research complete, imported 10 sources
09:17:25 | INFO | [lord_abbett] ✅ Imported 10 sources
09:17:36 | INFO | [lord_abbett] Waiting for source imports to complete...
09:17:46 | INFO | [lord_abbett] Deduplicating sources...
09:17:46 | INFO | [lord_abbett] Deduplicating sources...
09:17:47 | INFO | [lord_abbett] ✅ Removed 0 duplicate sources
09:17:47 | INFO | [lord_abbett] ✅ Removed 0 duplicates
09:17:47 | INFO | [lord_abbett] Running 6 chat prompts...
09:17:47 | INFO | [lord_abbett] ⏱️  Chat 01 anti-collision jitter: 12.0s
09:17:59 | INFO | [lord_abbett] Chat prompt: chat_prompt_consolidated_01.txt
09:19:14 | INFO | [lord_abbett] ✅ Created note: chat_prompt_consolidated_01
09:19:19 | INFO | [lord_abbett] Chat prompt: chat_prompt_consolidated_02.txt
09:20:16 | INFO | [lord_abbett] ✅ Created note: chat_prompt_consolidated_02
09:20:21 | INFO | [lord_abbett] Chat prompt: chat_prompt_consolidated_03.txt
09:21:58 | INFO | [lord_abbett] ✅ Created note: chat_prompt_consolidated_03
09:22:01 | INFO | [lord_abbett] Chat prompt: chat_prompt_consolidated_04.txt
09:23:40 | INFO | [lord_abbett] ✅ Created note: chat_prompt_consolidated_04
09:23:45 | INFO | [lord_abbett] Chat prompt: chat_prompt_consolidated_05.txt
09:24:55 | INFO | [lord_abbett] ✅ Created note: chat_prompt_consolidated_05
09:24:59 | INFO | [lord_abbett] Chat prompt: chat_prompt_consolidated_06.txt
09:26:43 | INFO | [lord_abbett] ✅ Created note: chat_prompt_consolidated_06
09:26:46 | INFO | [lord_abbett] Generating mind map...
09:26:54 | INFO | [lord_abbett] ✅ Mind map generated
09:26:56 | INFO | [lord_abbett] Quality score breakdown: 8.0/10
09:26:56 | INFO | [lord_abbett] ✅ Pipeline completed successfully!
09:26:56 | INFO | [lord_abbett] 📊 Quality Score: 8.0/10
