09:15:37 | INFO | [merck] ========================================
09:15:37 | INFO | [merck] Starting pipeline for Merck & Co., Inc.
09:15:37 | INFO | [merck] Mode: FAST
09:15:37 | INFO | [merck] ========================================
09:15:37 | INFO | [merck] ⏱️  Anti-collision delay: 3.6s
09:15:41 | INFO | [merck] Checking authentication status...
09:15:42 | INFO | [merck] ✅ Already authenticated
09:15:42 | INFO | [merck] Generated notebook name: DEV_Merck-TEST
09:15:42 | INFO | [merck] Checking for existing notebook: DEV_Merck-TEST
09:15:43 | INFO | [merck] No existing notebook found
09:15:43 | INFO | [merck] Checking for existing notebook: DEV_Merck-TEST
09:15:43 | INFO | [merck] No existing notebook found
09:15:43 | INFO | [merck] Creating new notebook: DEV_Merck-TEST
09:15:44 | INFO | [merck] ✅ Created notebook: 72d542e2-7aab-4d39-afe1-16ad90579364
09:15:45 | INFO | [merck] Set notebook context: 72d542e2-7aab-4d39-afe1-16ad90579364
09:15:45 | INFO | [merck] Consolidating all files to PDF...
09:15:45 | INFO | [merck] Fast parallel PDF consolidation starting...
09:15:45 | INFO | [merck] Found: 0 text, 0 images, 27 office, 5 PDFs
09:15:45 | INFO | [merck] Converting 27 files in parallel...
09:16:23 | INFO | [merck] Converted 19 files, merging...
09:16:23 | INFO | [merck] ✅ Created: Merck & Co., Inc.-One.pdf
09:16:23 | INFO | [merck] ✅ Consolidated PDF: Merck & Co., Inc.-One.pdf
09:16:23 | INFO | [merck] Uploading consolidated PDF...
09:16:23 | INFO | [merck] Adding source: Merck & Co., Inc.-One.pdf
09:16:26 | INFO | [merck] ✅ Added source: Merck & Co., Inc.-One.pdf
09:16:26 | INFO | [merck] Running 2 research prompts...
09:16:29 | INFO | [merck] Research prompt: ask_prompt_01.txt
09:16:29 | INFO | [merck] Running research: ask_prompt_01.txt (fast mode)
09:16:55 | INFO | [merck] ✅ Research complete, imported 10 sources
09:16:55 | INFO | [merck] ✅ Imported 10 sources
09:17:07 | INFO | [merck] Research prompt: ask_prompt_02.txt
09:17:07 | INFO | [merck] Running research: ask_prompt_02.txt (fast mode)
09:17:39 | INFO | [merck] ✅ Research complete, imported 10 sources
09:17:39 | INFO | [merck] ✅ Imported 10 sources
09:17:51 | INFO | [merck] Waiting for source imports to complete...
09:18:01 | INFO | [merck] Deduplicating sources...
09:18:01 | INFO | [merck] Deduplicating sources...
09:18:02 | INFO | [merck] ✅ Removed 0 duplicate sources
09:18:02 | INFO | [merck] ✅ Removed 0 duplicates
09:18:02 | INFO | [merck] Running 6 chat prompts...
09:18:02 | INFO | [merck] ⏱️  Chat 01 anti-collision jitter: 10.1s
09:18:12 | INFO | [merck] Chat prompt: chat_prompt_consolidated_01.txt
09:19:18 | INFO | [merck] ✅ Created note: chat_prompt_consolidated_01
09:19:22 | INFO | [merck] Chat prompt: chat_prompt_consolidated_02.txt
09:20:24 | INFO | [merck] ✅ Created note: chat_prompt_consolidated_02
09:20:30 | INFO | [merck] Chat prompt: chat_prompt_consolidated_03.txt
09:21:59 | INFO | [merck] ✅ Created note: chat_prompt_consolidated_03
09:22:04 | INFO | [merck] Chat prompt: chat_prompt_consolidated_04.txt
09:23:20 | INFO | [merck] ✅ Created note: chat_prompt_consolidated_04
09:23:25 | INFO | [merck] Chat prompt: chat_prompt_consolidated_05.txt
09:24:39 | INFO | [merck] ✅ Created note: chat_prompt_consolidated_05
09:24:44 | INFO | [merck] Chat prompt: chat_prompt_consolidated_06.txt
09:26:24 | INFO | [merck] ✅ Created note: chat_prompt_consolidated_06
09:26:27 | INFO | [merck] Generating mind map...
09:26:37 | INFO | [merck] ✅ Mind map generated
09:26:39 | INFO | [merck] Quality score breakdown: 8.0/10
09:26:39 | INFO | [merck] ✅ Pipeline completed successfully!
09:26:39 | INFO | [merck] 📊 Quality Score: 8.0/10
